rackabones
overprovision
titillatingly
unconstipated
ladderlike
polyplastic
noncorrespondent
sordidness
coglorious
pharyngorhinoscopy
unintuitive
unadmittableness
nontrading
majestical
dehydromucic
insensitivity
glauconite
zygopteran
Theodotian
crystograph
preconversion
thoroughwort
overtalker
Nymphaeaceae
hygrometer
autohemotherapy
ischiocavernous
agatiferous
Pyrrhonean
cytostroma
rewarehouse
unascertainably
quadricycler
transproser
physiographer
parthenoparous
circumdiction
interplead
undergardener
folklorist
unencroached
othemorrhea
gastroduodenotomy
peroration
refractometry
perdurably
platinichloride
interspatial
